TVOSPlatformFactory.RegisterBuildPlatforms: UnrealBuildTool.IOSPlatformSDK has no valid SDK
AndroidPlatformFactory.RegisterBuildPlatforms: UnrealBuildTool.AndroidPlatformSDK has no valid SDK
HoloLensPlatformFactory.RegisterBuildPlatforms: UnrealBuildTool.HoloLensPlatformSDK using manually installed SDK
IOSPlatformFactory.RegisterBuildPlatforms: UnrealBuildTool.IOSPlatformSDK has no valid SDK
LinuxPlatformFactory.RegisterBuildPlatforms: UnrealBuildTool.LinuxPlatformSDK has no valid SDK
LuminSDKVersionHelper.HasAnySDK: *** Unable to determine MLSDK location ***
LuminSDKVersionHelper.HasAnySDK: *** Unable to determine MLSDK location ***
LuminPlatformFactory.RegisterBuildPlatforms: UnrealBuildTool.LuminPlatformSDK has no valid SDK
WindowsPlatformFactory.RegisterBuildPlatforms: UnrealBuildTool.WindowsPlatformSDK using manually installed SDK
ProjectFileGenerator.GenerateProjectFiles: Discovering modules, targets and source code for project...
WindowsPlatform.FindVisualStudioInstallations: Found Visual Studio installation: C:\Program Files (x86)\Microsoft Visual Studio\2019\Community (Product=Microsoft.VisualStudio.Product.Community, Version=16.11.31702.278)
WindowsPlatform.FindVisualStudioToolChains: Found Visual Studio toolchain: C:\Program Files (x86)\Microsoft Visual Studio\2019\Community\VC\Tools\MSVC\14.29.30133 (Version=14.29.30133)
WindowsPlatform.EnumerateSdkRootDirs: Found Windows 10 SDK root at C:\Program Files (x86)\Windows Kits\10 (1)
WindowsPlatform.EnumerateSdkRootDirs: Found Windows 10 SDK root at C:\Program Files (x86)\Windows Kits\10 (2)
WindowsPlatform.UpdateCachedWindowsSdks: Found Windows 10 SDK version 10.0.16299.0 at C:\Program Files (x86)\Windows Kits\10
WindowsPlatform.UpdateCachedWindowsSdks: Found Universal CRT version 10.0.16299.0 at C:\Program Files (x86)\Windows Kits\10
WindowsPlatform.UpdateCachedWindowsSdks: Found Windows 10 SDK version 10.0.17134.0 at C:\Program Files (x86)\Windows Kits\10
WindowsPlatform.UpdateCachedWindowsSdks: Found Universal CRT version 10.0.17134.0 at C:\Program Files (x86)\Windows Kits\10
WindowsPlatform.UpdateCachedWindowsSdks: Found Windows 10 SDK version 10.0.17763.0 at C:\Program Files (x86)\Windows Kits\10
WindowsPlatform.UpdateCachedWindowsSdks: Found Universal CRT version 10.0.17763.0 at C:\Program Files (x86)\Windows Kits\10
WindowsPlatform.UpdateCachedWindowsSdks: Found Windows 10 SDK version 10.0.18362.0 at C:\Program Files (x86)\Windows Kits\10
WindowsPlatform.UpdateCachedWindowsSdks: Found Universal CRT version 10.0.18362.0 at C:\Program Files (x86)\Windows Kits\10
WindowsPlatform.UpdateCachedWindowsSdks: Found Windows 10 SDK version 10.0.19041.0 at C:\Program Files (x86)\Windows Kits\10
WindowsPlatform.UpdateCachedWindowsSdks: Found Universal CRT version 10.0.19041.0 at C:\Program Files (x86)\Windows Kits\10
DynamicCompilation.RequiresCompilation: Compiling C:\Users\81802\Documents\Unreal Projects\ThirdPersonMP\Intermediate\Build\BuildRules\ThirdPersonMPModuleRules.dll: Added source file (C:\Users\81802\Documents\Unreal Projects\ThirdPersonMP\Source\ThirdPersonMPServer.Target.cs)
DynamicCompilation.CompileAssembly: While compiling C:\Users\81802\Documents\Unreal Projects\ThirdPersonMP\Intermediate\Build\BuildRules\ThirdPersonMPModuleRules.dll:
DynamicCompilation.CompileAssembly: c:\Users\81802\Documents\Unreal Projects\ThirdPersonMP\Source\ThirdPersonMPServer.Target.cs(6,14) : error CS0101: 名前空間 '<グローバル名前空間>' に 'ThirdPersonMPTarget' の定義が既に含まれています。
UnrealBuildTool.Main: ERROR: Unable to compile source files.
UnrealBuildTool.Main: BuildException: Unable to compile source files.
UnrealBuildTool.Main:    場所 UnrealBuildTool.DynamicCompilation.CompileAssembly(FileReference OutputAssemblyPath, HashSet`1 SourceFileNames, List`1 ReferencedAssembies, List`1 PreprocessorDefines, Boolean TreatWarningsAsErrors) 場所 D:\Build\++UE4\Sync\Engine\Source\Programs\UnrealBuildTool\System\DynamicCompilation.cs:行 402
UnrealBuildTool.Main:    場所 UnrealBuildTool.DynamicCompilation.CompileAndLoadAssembly(FileReference OutputAssemblyPath, HashSet`1 SourceFileNames, List`1 ReferencedAssembies, List`1 PreprocessorDefines, Boolean DoNotCompile, Boolean TreatWarningsAsErrors) 場所 D:\Build\++UE4\Sync\Engine\Source\Programs\UnrealBuildTool\System\DynamicCompilation.cs:行 469
UnrealBuildTool.Main:    場所 UnrealBuildTool.RulesAssembly..ctor(RulesScope Scope, List`1 BaseDirs, IReadOnlyList`1 Plugins, Dictionary`2 ModuleFileToContext, List`1 TargetFiles, FileReference AssemblyFileName, Boolean bContainsEngineModules, Nullable`1 DefaultBuildSettings, Boolean bReadOnly, Boolean bSkipCompile, RulesAssembly Parent) 場所 D:\Build\++UE4\Sync\Engine\Source\Programs\UnrealBuildTool\System\RulesAssembly.cs:行 110
UnrealBuildTool.Main:    場所 UnrealBuildTool.RulesCompiler.CreateProjectRulesAssembly(FileReference ProjectFileName, Boolean bUsePrecompiled, Boolean bSkipCompile) 場所 D:\Build\++UE4\Sync\Engine\Source\Programs\UnrealBuildTool\System\RulesCompiler.cs:行 581
UnrealBuildTool.Main:    場所 UnrealBuildTool.ProjectFileGenerator.AddProjectsForAllTargets(PlatformProjectGeneratorCollection PlatformProjectGenerators, List`1 AllGames, List`1 AllTargetFiles, String[] Arguments, ProjectFile& EngineProject, ProjectFile& EnterpriseProject, List`1& GameProjects, Dictionary`2& ProgramProjects) 場所 D:\Build\++UE4\Sync\Engine\Source\Programs\UnrealBuildTool\ProjectFiles\ProjectFileGenerator.cs:行 2334
UnrealBuildTool.Main:    場所 UnrealBuildTool.ProjectFileGenerator.GenerateProjectFiles(PlatformProjectGeneratorCollection PlatformProjectGenerators, String[] Arguments) 場所 D:\Build\++UE4\Sync\Engine\Source\Programs\UnrealBuildTool\ProjectFiles\ProjectFileGenerator.cs:行 774
UnrealBuildTool.Main:    場所 UnrealBuildTool.GenerateProjectFilesMode.Execute(CommandLineArguments Arguments) 場所 D:\Build\++UE4\Sync\Engine\Source\Programs\UnrealBuildTool\Modes\GenerateProjectFilesMode.cs:行 208
UnrealBuildTool.Main:    場所 UnrealBuildTool.UnrealBuildTool.Main(String[] ArgumentsArray) 場所 D:\Build\++UE4\Sync\Engine\Source\Programs\UnrealBuildTool\UnrealBuildTool.cs:行 557
Timeline.Print: Timeline:
Timeline.Print: 
Timeline.Print: [ 0.000]
Timeline.Print: [ 0.000](+0.032) <unknown>
Timeline.Print: [ 0.032](+0.115) XmlConfig.ReadConfigFiles()
Timeline.Print: [ 0.148](+0.000) SingleInstanceMutex.Acquire()
Timeline.Print: [ 0.148](+0.065) UEBuildPlatform.RegisterPlatforms()
Timeline.Print:   0.149          [ 0.000](+0.031) Initializing InstalledPlatformInfo
Timeline.Print:   0.180          [ 0.032](+0.000) Querying types
Timeline.Print:   0.181          [ 0.033](+0.001) MacPlatformFactory
Timeline.Print:   0.182          [ 0.034](+0.016) TVOSPlatformFactory
Timeline.Print:   0.199          [ 0.050](+0.002) AndroidPlatformFactory
Timeline.Print:   0.202          [ 0.053](+0.002) HoloLensPlatformFactory
Timeline.Print:   0.204          [ 0.055](+0.002) IOSPlatformFactory
Timeline.Print:   0.207          [ 0.058](+0.004) LinuxPlatformFactory
Timeline.Print:   0.211          [ 0.063](+0.002) LuminPlatformFactory
Timeline.Print:   0.213          [ 0.065](+0.000) WindowsPlatformFactory
Timeline.Print: [ 0.213](+2.172) <unknown>
Timeline.Print: [ 2.386](+0.001) Finding engine modules
Timeline.Print: [ 2.388](+0.002) Finding plugin modules
Timeline.Print: [ 2.390](+0.301) <unknown>
Timeline.Print: [ 2.691](+0.000) Finding program modules
Timeline.Print: [ 2.692](+0.000) Finding program targets
Timeline.Print: [ 2.692](+0.900) <unknown>
Timeline.Print: [ 3.592](+0.130) Compiling rules assembly (ThirdPersonMPModuleRules.dll)
Timeline.Print: [ 3.722](+0.041) <unknown>
Timeline.Print: [ 3.763](+0.000) FileMetadataPrefetch.Stop()
Timeline.Print: [ 3.765]
